2025-08-11 15:11:25 - gestor_processos - WARNING - check_dependencies:103 - AVISO: Módulos opcionais não encontrados: git (Integração com Git para backups)
2025-08-11 15:11:25 - gestor_processos - INFO - log_operation:74 - Verificação de dependências concluída - SUCCESS
2025-08-11 15:11:44 - gestor_processos - INFO - log_operation:74 - Iniciando MiniGestor v2.0 - SUCCESS
2025-08-11 15:11:45 - gestor_processos - WARNING - check_dependencies:103 - AVISO: Módulos opcionais não encontrados: git (Integração com Git para backups)
2025-08-11 15:11:45 - gestor_processos - INFO - log_operation:74 - Verificação de dependências concluída - SUCCESS
2025-08-11 15:11:45 - gestor_processos - INFO - log_operation:74 - Iniciando interface gráfica - SUCCESS
2025-08-11 15:11:45 - gestor_processos - ERROR - log_error:64 - Erro crítico na aplicação: TypeError: log_error() missing 1 required positional argument: 'error'
Traceback (most recent call last):
  File "C:\Users\User\Downloads\VSCODE TESTE\views\main_view.py", line 1171, in _get_formatted_secretarias
    return [f"{codigo} - {nome}" for codigo, nome in secretarias.items()]
                                                     ^^^^^^^^^^^^^^^^^
AttributeError: 'NoneType' object has no attribute 'items'

During handling of the above exception, another exception occurred:

Traceback (most recent call last):
  File "C:\Users\User\Downloads\VSCODE TESTE\views\main_view.py", line 1393, in run
    self.create_main_window()
    ~~~~~~~~~~~~~~~~~~~~~~~^^
  File "C:\Users\User\Downloads\VSCODE TESTE\views\main_view.py", line 224, in create_main_window
    self._create_widgets()
    ~~~~~~~~~~~~~~~~~~~~^^
  File "C:\Users\User\Downloads\VSCODE TESTE\views\main_view.py", line 286, in _create_widgets
    self._create_form_frame()
    ~~~~~~~~~~~~~~~~~~~~~~~^^
  File "C:\Users\User\Downloads\VSCODE TESTE\views\main_view.py", line 301, in _create_form_frame
    self._create_form_fields(frame_cadastro)
    ~~~~~~~~~~~~~~~~~~~~~~~~^^^^^^^^^^^^^^^^
  File "C:\Users\User\Downloads\VSCODE TESTE\views\main_view.py", line 311, in _create_form_fields
    secretarias_formatadas = self._get_formatted_secretarias()
  File "C:\Users\User\Downloads\VSCODE TESTE\views\main_view.py", line 1173, in _get_formatted_secretarias
    log_error(f"Erro ao obter secretarias: {e}")
    ~~~~~~~~~^^^^^^^^^^^^^^^^^^^^^^^^^^^^^^^^^^^
TypeError: log_error() missing 1 required positional argument: 'error'

During handling of the above exception, another exception occurred:

Traceback (most recent call last):
  File "C:\Users\User\Downloads\VSCODE TESTE\views\main_view.py", line 1420, in run_application
    view.run()
    ~~~~~~~~^^
  File "C:\Users\User\Downloads\VSCODE TESTE\views\main_view.py", line 1402, in run
    log_error(f"Erro ao executar aplicação: {e}")
    ~~~~~~~~~^^^^^^^^^^^^^^^^^^^^^^^^^^^^^^^^^^^^
TypeError: log_error() missing 1 required positional argument: 'error'

During handling of the above exception, another exception occurred:

Traceback (most recent call last):
  File "C:\Users\User\Downloads\VSCODE TESTE\main.py", line 42, in main
    run_application()
    ~~~~~~~~~~~~~~~^^
  File "C:\Users\User\Downloads\VSCODE TESTE\views\main_view.py", line 1422, in run_application
    log_error(f"Erro ao executar aplicação: {e}")
    ~~~~~~~~~^^^^^^^^^^^^^^^^^^^^^^^^^^^^^^^^^^^^
TypeError: log_error() missing 1 required positional argument: 'error'
2025-08-11 15:11:45 - gestor_processos - INFO - log_operation:74 - Finalizando MiniGestor - SUCCESS
2025-08-11 15:14:08 - gestor_processos - INFO - log_operation:74 - Iniciando MiniGestor v2.0 - SUCCESS
2025-08-11 15:14:08 - gestor_processos - WARNING - check_dependencies:103 - AVISO: Módulos opcionais não encontrados: git (Integração com Git para backups)
2025-08-11 15:14:08 - gestor_processos - INFO - log_operation:74 - Verificação de dependências concluída - SUCCESS
2025-08-11 15:14:08 - gestor_processos - INFO - log_operation:74 - Iniciando interface gráfica - SUCCESS
2025-08-11 15:14:19 - gestor_processos - INFO - log_operation:74 - Finalizando MiniGestor - SUCCESS
2025-08-11 15:15:31 - gestor_processos - INFO - log_operation:74 - Iniciando MiniGestor v2.0 - SUCCESS
2025-08-11 15:15:31 - gestor_processos - WARNING - check_dependencies:103 - AVISO: Módulos opcionais não encontrados: git (Integração com Git para backups)
2025-08-11 15:15:31 - gestor_processos - INFO - log_operation:74 - Verificação de dependências concluída - SUCCESS
2025-08-11 15:15:31 - gestor_processos - INFO - log_operation:74 - Iniciando interface gráfica - SUCCESS
2025-08-11 15:15:31 - gestor_processos - ERROR - log_error:64 - Failed to get unique values for entregue_por: AttributeError: 'ProcessModel' object has no attribute 'get_unique_values'
Traceback (most recent call last):
  File "C:\Users\User\Downloads\VSCODE TESTE\controllers\process_controller.py", line 336, in obter_valores_unicos
    return self.process_model.get_unique_values(campo)
           ^^^^^^^^^^^^^^^^^^^^^^^^^^^^^^^^^^^^
AttributeError: 'ProcessModel' object has no attribute 'get_unique_values'
2025-08-11 15:15:31 - gestor_processos - ERROR - log_error:64 - Failed to get unique values for devolvido_a: AttributeError: 'ProcessModel' object has no attribute 'get_unique_values'
Traceback (most recent call last):
  File "C:\Users\User\Downloads\VSCODE TESTE\controllers\process_controller.py", line 336, in obter_valores_unicos
    return self.process_model.get_unique_values(campo)
           ^^^^^^^^^^^^^^^^^^^^^^^^^^^^^^^^^^^^
AttributeError: 'ProcessModel' object has no attribute 'get_unique_values'
2025-08-11 15:15:51 - gestor_processos - INFO - log_operation:74 - Finalizando MiniGestor - SUCCESS
2025-08-11 15:23:47 - gestor_processos - INFO - log_operation:74 - Iniciando MiniGestor v2.0 - SUCCESS
2025-08-11 15:23:48 - gestor_processos - WARNING - check_dependencies:103 - AVISO: Módulos opcionais não encontrados: git (Integração com Git para backups)
2025-08-11 15:23:48 - gestor_processos - INFO - log_operation:74 - Verificação de dependências concluída - SUCCESS
2025-08-11 15:23:48 - gestor_processos - INFO - log_operation:74 - Iniciando interface gráfica - SUCCESS
2025-08-11 15:23:48 - gestor_processos - ERROR - log_error:64 - Record counting failed: AttributeError: 'ProcessModel' object has no attribute 'count_all'
Traceback (most recent call last):
  File "C:\Users\User\Downloads\VSCODE TESTE\controllers\process_controller.py", line 324, in contar_registros
    'total': self.process_model.count_all(),
             ^^^^^^^^^^^^^^^^^^^^^^^^^^^^
AttributeError: 'ProcessModel' object has no attribute 'count_all'
2025-08-11 15:26:19 - gestor_processos - INFO - log_operation:74 - Iniciando MiniGestor v2.0 - SUCCESS
2025-08-11 15:26:19 - gestor_processos - WARNING - check_dependencies:103 - AVISO: Módulos opcionais não encontrados: git (Integração com Git para backups)
2025-08-11 15:26:19 - gestor_processos - INFO - log_operation:74 - Verificação de dependências concluída - SUCCESS
2025-08-11 15:26:19 - gestor_processos - INFO - log_operation:74 - Iniciando interface gráfica - SUCCESS
2025-08-11 15:26:27 - gestor_processos - INFO - log_operation:74 - Finalizando MiniGestor - SUCCESS
2025-08-11 15:49:34 - gestor_processos - INFO - log_operation:74 - Iniciando MiniGestor v2.0 - SUCCESS
2025-08-11 15:49:34 - gestor_processos - WARNING - check_dependencies:103 - AVISO: Módulos opcionais não encontrados: git (Integração com Git para backups)
2025-08-11 15:49:34 - gestor_processos - INFO - log_operation:74 - Verificação de dependências concluída - SUCCESS
2025-08-11 15:49:34 - gestor_processos - INFO - log_operation:74 - Iniciando interface gráfica - SUCCESS
2025-08-11 15:49:40 - gestor_processos - INFO - log_operation:74 - Finalizando MiniGestor - SUCCESS
2025-08-11 15:56:01 - gestor_processos - INFO - log_operation:74 - Iniciando MiniGestor v2.0 - SUCCESS
2025-08-11 15:56:02 - gestor_processos - WARNING - check_dependencies:103 - AVISO: Módulos opcionais não encontrados: git (Integração com Git para backups)
2025-08-11 15:56:02 - gestor_processos - INFO - log_operation:74 - Verificação de dependências concluída - SUCCESS
2025-08-11 15:56:02 - gestor_processos - INFO - log_operation:74 - Iniciando interface gráfica - SUCCESS
2025-08-11 15:56:06 - gestor_processos - INFO - log_operation:74 - Finalizando MiniGestor - SUCCESS
2025-10-29 10:17:44 - gestor_processos - INFO - log_operation:74 - Iniciando MiniGestor v2.0 - SUCCESS
2025-10-29 10:17:45 - gestor_processos - WARNING - check_dependencies:103 - AVISO: Módulos opcionais não encontrados: git (Integração com Git para backups)
2025-10-29 10:17:45 - gestor_processos - INFO - log_operation:74 - Verificação de dependências concluída - SUCCESS
2025-10-29 10:17:45 - gestor_processos - INFO - log_operation:74 - Iniciando interface gráfica - SUCCESS
2025-10-29 10:17:45 - gestor_processos - ERROR - log_error:64 - Erro crítico na aplicação: AttributeError: 'MainView' object has no attribute 'run'
Traceback (most recent call last):
  File "c:\Users\User\OneDrive\MeuGestor\TRAE\MiniGestor_TRAE\main.py", line 42, in main
    run_application()
    ~~~~~~~~~~~~~~~^^
  File "c:\Users\User\OneDrive\MeuGestor\TRAE\MiniGestor_TRAE\views\main_view.py", line 1865, in run_application
    view.run()
    ^^^^^^^^
AttributeError: 'MainView' object has no attribute 'run'
2025-10-29 10:17:45 - gestor_processos - INFO - log_operation:74 - Finalizando MiniGestor - SUCCESS
2025-11-05 13:16:52 - gestor_processos - INFO - log_operation:74 - Iniciando MiniGestor v2.0 - SUCCESS
2025-11-05 13:16:53 - gestor_processos - WARNING - check_dependencies:102 - AVISO: Módulos opcionais não encontrados: git (Integração com Git para backups)
2025-11-05 13:16:53 - gestor_processos - INFO - log_operation:74 - Verificação de dependências concluída - SUCCESS
2025-11-05 13:16:53 - gestor_processos - INFO - log_operation:74 - Iniciando interface gráfica - SUCCESS
2025-11-05 13:16:53 - gestor_processos - ERROR - log_error:64 - Erro crítico na aplicação: AttributeError: 'MainView' object has no attribute 'run'
Traceback (most recent call last):
  File "C:\Users\User\OneDrive\MeuGestor\TRAE\MiniGestor_TRAE\main.py", line 41, in main
    run_application()
    ~~~~~~~~~~~~~~~^^
  File "C:\Users\User\OneDrive\MeuGestor\TRAE\MiniGestor_TRAE\views\main_view.py", line 2019, in run_application
    view.run()
    ^^^^^^^^
AttributeError: 'MainView' object has no attribute 'run'
2025-11-05 13:16:53 - gestor_processos - INFO - log_operation:74 - Finalizando MiniGestor - SUCCESS
2025-11-05 13:18:55 - gestor_processos - INFO - log_operation:74 - Iniciando MiniGestor v2.0 - SUCCESS
2025-11-05 13:18:55 - gestor_processos - WARNING - check_dependencies:102 - AVISO: Módulos opcionais não encontrados: git (Integração com Git para backups)
2025-11-05 13:18:55 - gestor_processos - INFO - log_operation:74 - Verificação de dependências concluída - SUCCESS
2025-11-05 13:18:55 - gestor_processos - INFO - log_operation:74 - Iniciando interface gráfica - SUCCESS
2025-11-05 13:18:55 - gestor_processos - ERROR - log_error:64 - Erro crítico na aplicação: KeyError: 'nome_arquivo'
Traceback (most recent call last):
  File "C:\Users\User\OneDrive\MeuGestor\TRAE\MiniGestor_TRAE\main.py", line 41, in main
    run_application()
    ~~~~~~~~~~~~~~~^^
  File "C:\Users\User\OneDrive\MeuGestor\TRAE\MiniGestor_TRAE\views\main_view.py", line 2013, in run_application
    view.run()
    ~~~~~~~~^^
  File "C:\Users\User\OneDrive\MeuGestor\TRAE\MiniGestor_TRAE\views\main_view.py", line 1742, in run
    self.setup_controllers()
    ~~~~~~~~~~~~~~~~~~~~~~^^
  File "C:\Users\User\OneDrive\MeuGestor\TRAE\MiniGestor_TRAE\views\main_view.py", line 213, in setup_controllers
    self.controllers['process'] = ProcessController()
                                  ~~~~~~~~~~~~~~~~~^^
  File "C:\Users\User\OneDrive\MeuGestor\TRAE\MiniGestor_TRAE\controllers\process_controller.py", line 25, in __init__
    self.db = db_manager or DatabaseManager()
                            ~~~~~~~~~~~~~~~^^
  File "C:\Users\User\OneDrive\MeuGestor\TRAE\MiniGestor_TRAE\models\database_model.py", line 22, in __init__
    self.db_path = db_path or DB_CONFIG['nome_arquivo']
                              ~~~~~~~~~^^^^^^^^^^^^^^^^
KeyError: 'nome_arquivo'
2025-11-05 13:18:55 - gestor_processos - INFO - log_operation:74 - Finalizando MiniGestor - SUCCESS
2025-11-05 13:21:12 - gestor_processos - INFO - log_operation:74 - Iniciando MiniGestor v2.0 - SUCCESS
2025-11-05 13:21:12 - gestor_processos - WARNING - check_dependencies:102 - AVISO: Módulos opcionais não encontrados: git (Integração com Git para backups)
2025-11-05 13:21:12 - gestor_processos - INFO - log_operation:74 - Verificação de dependências concluída - SUCCESS
2025-11-05 13:21:12 - gestor_processos - INFO - log_operation:74 - Iniciando interface gráfica - SUCCESS
2025-11-05 13:22:16 - gestor_processos - INFO - log_operation:74 - Finalizando MiniGestor - SUCCESS
2025-11-05 14:50:51 - gestor_processos - INFO - log_operation:74 - Iniciando MiniGestor v2.0 - SUCCESS
2025-11-05 14:50:52 - gestor_processos - WARNING - check_dependencies:102 - AVISO: Módulos opcionais não encontrados: git (Integração com Git para backups)
2025-11-05 14:50:52 - gestor_processos - INFO - log_operation:74 - Verificação de dependências concluída - SUCCESS
2025-11-05 14:50:52 - gestor_processos - INFO - log_operation:74 - Iniciando interface gráfica - SUCCESS
2025-11-05 14:50:52 - gestor_processos - ERROR - log_error:64 - Erro crítico na aplicação: TclError: cannot use geometry manager grid inside . which already has slaves managed by pack
Traceback (most recent call last):
  File "C:\Users\User\OneDrive\MeuGestor\TRAE\MiniGestor_TRAE\main.py", line 41, in main
    run_application()
    ~~~~~~~~~~~~~~~^^
  File "C:\Users\User\OneDrive\MeuGestor\TRAE\MiniGestor_TRAE\views\main_view.py", line 2031, in run_application
    view.run()
    ~~~~~~~~^^
  File "C:\Users\User\OneDrive\MeuGestor\TRAE\MiniGestor_TRAE\views\main_view.py", line 1761, in run
    self.create_main_window()
    ~~~~~~~~~~~~~~~~~~~~~~~^^
  File "C:\Users\User\OneDrive\MeuGestor\TRAE\MiniGestor_TRAE\views\main_view.py", line 233, in create_main_window
    self._create_widgets()
    ~~~~~~~~~~~~~~~~~~~~^^
  File "C:\Users\User\OneDrive\MeuGestor\TRAE\MiniGestor_TRAE\views\main_view.py", line 313, in _create_widgets
    self._create_form_frame()
    ~~~~~~~~~~~~~~~~~~~~~~~^^
  File "C:\Users\User\OneDrive\MeuGestor\TRAE\MiniGestor_TRAE\views\main_view.py", line 328, in _create_form_frame
    self._create_form_fields(frame_cadastro)
    ~~~~~~~~~~~~~~~~~~~~~~~~^^^^^^^^^^^^^^^^
  File "C:\Users\User\OneDrive\MeuGestor\TRAE\MiniGestor_TRAE\views\main_view.py", line 353, in _create_form_fields
    parent.grid_configure(padx=20)
    ~~~~~~~~~~~~~~~~~~~~~^^^^^^^^^
  File "C:\Users\User\AppData\Local\Programs\Python\Python313\Lib\tkinter\__init__.py", line 2693, in grid_configure
    self.tk.call(
    ~~~~~~~~~~~~^
          ('grid', 'configure', self._w)
          ^^^^^^^^^^^^^^^^^^^^^^^^^^^^^^
          + self._options(cnf, kw))
          ^^^^^^^^^^^^^^^^^^^^^^^^^
_tkinter.TclError: cannot use geometry manager grid inside . which already has slaves managed by pack
2025-11-05 14:50:52 - gestor_processos - INFO - log_operation:74 - Finalizando MiniGestor - SUCCESS
2025-11-05 14:51:32 - gestor_processos - INFO - log_operation:74 - Iniciando MiniGestor v2.0 - SUCCESS
2025-11-05 14:51:33 - gestor_processos - WARNING - check_dependencies:102 - AVISO: Módulos opcionais não encontrados: git (Integração com Git para backups)
2025-11-05 14:51:33 - gestor_processos - INFO - log_operation:74 - Verificação de dependências concluída - SUCCESS
2025-11-05 14:51:33 - gestor_processos - INFO - log_operation:74 - Iniciando interface gráfica - SUCCESS
2025-11-05 14:52:32 - gestor_processos - INFO - log_operation:74 - Finalizando MiniGestor - SUCCESS
2025-11-05 15:04:13 - gestor_processos - INFO - log_operation:74 - Iniciando MiniGestor v2.0 - SUCCESS
2025-11-05 15:04:13 - gestor_processos - WARNING - check_dependencies:102 - AVISO: Módulos opcionais não encontrados: git (Integração com Git para backups)
2025-11-05 15:04:13 - gestor_processos - INFO - log_operation:74 - Verificação de dependências concluída - SUCCESS
2025-11-05 15:04:13 - gestor_processos - INFO - log_operation:74 - Iniciando interface gráfica - SUCCESS
2025-11-05 15:06:05 - gestor_processos - INFO - log_operation:74 - Finalizando MiniGestor - SUCCESS
2025-11-05 15:08:28 - gestor_processos - INFO - log_operation:74 - Iniciando MiniGestor v2.0 - SUCCESS
2025-11-05 15:08:29 - gestor_processos - WARNING - check_dependencies:102 - AVISO: Módulos opcionais não encontrados: git (Integração com Git para backups)
2025-11-05 15:08:29 - gestor_processos - INFO - log_operation:74 - Verificação de dependências concluída - SUCCESS
2025-11-05 15:08:29 - gestor_processos - INFO - log_operation:74 - Iniciando interface gráfica - SUCCESS
2025-11-05 15:09:38 - gestor_processos - INFO - log_operation:74 - Finalizando MiniGestor - SUCCESS
2025-11-05 15:10:50 - gestor_processos - INFO - log_operation:74 - Iniciando MiniGestor v2.0 - SUCCESS
2025-11-05 15:10:51 - gestor_processos - WARNING - check_dependencies:102 - AVISO: Módulos opcionais não encontrados: git (Integração com Git para backups)
2025-11-05 15:10:51 - gestor_processos - INFO - log_operation:74 - Verificação de dependências concluída - SUCCESS
2025-11-05 15:10:51 - gestor_processos - INFO - log_operation:74 - Iniciando interface gráfica - SUCCESS
2025-11-05 15:10:51 - gestor_processos - ERROR - log_error:64 - Erro crítico na aplicação: AttributeError: 'MainView' object has no attribute '_create_reminder_frame'
Traceback (most recent call last):
  File "C:\Users\User\OneDrive\MeuGestor\TRAE\MiniGestor_TRAE\main.py", line 41, in main
    run_application()
    ~~~~~~~~~~~~~~~^^
  File "C:\Users\User\OneDrive\MeuGestor\TRAE\MiniGestor_TRAE\views\main_view.py", line 1994, in run_application
    view.run()
    ~~~~~~~~^^
  File "C:\Users\User\OneDrive\MeuGestor\TRAE\MiniGestor_TRAE\views\main_view.py", line 1724, in run
    self.create_main_window()
    ~~~~~~~~~~~~~~~~~~~~~~~^^
  File "C:\Users\User\OneDrive\MeuGestor\TRAE\MiniGestor_TRAE\views\main_view.py", line 233, in create_main_window
    self._create_widgets()
    ~~~~~~~~~~~~~~~~~~~~^^
  File "C:\Users\User\OneDrive\MeuGestor\TRAE\MiniGestor_TRAE\views\main_view.py", line 296, in _create_widgets
    self._create_form_frame()
    ~~~~~~~~~~~~~~~~~~~~~~~^^
  File "C:\Users\User\OneDrive\MeuGestor\TRAE\MiniGestor_TRAE\views\main_view.py", line 311, in _create_form_frame
    self._create_form_fields(frame_cadastro)
    ~~~~~~~~~~~~~~~~~~~~~~~~^^^^^^^^^^^^^^^^
  File "C:\Users\User\OneDrive\MeuGestor\TRAE\MiniGestor_TRAE\views\main_view.py", line 402, in _create_form_fields
    self._create_reminder_frame(parent)
    ^^^^^^^^^^^^^^^^^^^^^^^^^^^
AttributeError: 'MainView' object has no attribute '_create_reminder_frame'. Did you mean: '_create_search_frame'?
2025-11-05 15:10:51 - gestor_processos - INFO - log_operation:74 - Finalizando MiniGestor - SUCCESS
2025-11-05 15:11:27 - gestor_processos - INFO - log_operation:74 - Iniciando MiniGestor v2.0 - SUCCESS
2025-11-05 15:11:28 - gestor_processos - WARNING - check_dependencies:102 - AVISO: Módulos opcionais não encontrados: git (Integração com Git para backups)
2025-11-05 15:11:28 - gestor_processos - INFO - log_operation:74 - Verificação de dependências concluída - SUCCESS
2025-11-05 15:11:28 - gestor_processos - INFO - log_operation:74 - Iniciando interface gráfica - SUCCESS
2025-11-05 15:13:26 - gestor_processos - INFO - log_operation:74 - Iniciando MiniGestor v2.0 - SUCCESS
2025-11-05 15:13:26 - gestor_processos - WARNING - check_dependencies:102 - AVISO: Módulos opcionais não encontrados: git (Integração com Git para backups)
2025-11-05 15:13:26 - gestor_processos - INFO - log_operation:74 - Verificação de dependências concluída - SUCCESS
2025-11-05 15:13:26 - gestor_processos - INFO - log_operation:74 - Iniciando interface gráfica - SUCCESS
2025-11-05 15:15:26 - gestor_processos - INFO - log_operation:74 - Aplicação interrompida pelo usuário - SUCCESS
2025-11-05 15:15:26 - gestor_processos - INFO - log_operation:74 - Finalizando MiniGestor - SUCCESS
2025-11-05 15:15:27 - gestor_processos - INFO - log_operation:74 - Iniciando MiniGestor v2.0 - SUCCESS
2025-11-05 15:15:27 - gestor_processos - INFO - log_operation:74 - Finalizando MiniGestor - SUCCESS
2025-11-05 15:15:28 - gestor_processos - WARNING - check_dependencies:102 - AVISO: Módulos opcionais não encontrados: git (Integração com Git para backups)
2025-11-05 15:15:28 - gestor_processos - INFO - log_operation:74 - Verificação de dependências concluída - SUCCESS
2025-11-05 15:15:28 - gestor_processos - INFO - log_operation:74 - Iniciando interface gráfica - SUCCESS
2025-11-05 15:15:31 - gestor_processos - INFO - log_operation:74 - Finalizando MiniGestor - SUCCESS
2025-11-05 15:26:49 - gestor_processos - INFO - log_operation:74 - Iniciando MiniGestor v2.0 - SUCCESS
2025-11-05 15:26:49 - gestor_processos - WARNING - check_dependencies:102 - AVISO: Módulos opcionais não encontrados: git (Integração com Git para backups)
2025-11-05 15:26:49 - gestor_processos - INFO - log_operation:74 - Verificação de dependências concluída - SUCCESS
2025-11-05 15:26:49 - gestor_processos - INFO - log_operation:74 - Iniciando interface gráfica - SUCCESS
2025-11-05 15:26:56 - gestor_processos - INFO - log_operation:74 - Finalizando MiniGestor - SUCCESS
2025-11-05 16:06:35 - gestor_processos - INFO - log_operation:74 - Iniciando MiniGestor v2.0 - SUCCESS
2025-11-05 16:06:36 - gestor_processos - WARNING - check_dependencies:102 - AVISO: Módulos opcionais não encontrados: git (Integração com Git para backups)
2025-11-05 16:06:36 - gestor_processos - INFO - log_operation:74 - Verificação de dependências concluída - SUCCESS
2025-11-05 16:06:36 - gestor_processos - INFO - log_operation:74 - Iniciando interface gráfica - SUCCESS
2025-11-05 16:06:36 - gestor_processos - ERROR - log_error:64 - Erro crítico na aplicação: KeyError: 'lembretes'
Traceback (most recent call last):
  File "C:\Users\User\OneDrive\MeuGestor\TRAE\MiniGestor_TRAE\main.py", line 41, in main
    run_application()
    ~~~~~~~~~~~~~~~^^
  File "C:\Users\User\OneDrive\MeuGestor\TRAE\MiniGestor_TRAE\views\main_view.py", line 2007, in run_application
    view.run()
    ~~~~~~~~^^
  File "C:\Users\User\OneDrive\MeuGestor\TRAE\MiniGestor_TRAE\views\main_view.py", line 1737, in run
    self.create_main_window()
    ~~~~~~~~~~~~~~~~~~~~~~~^^
  File "C:\Users\User\OneDrive\MeuGestor\TRAE\MiniGestor_TRAE\views\main_view.py", line 233, in create_main_window
    self._create_widgets()
    ~~~~~~~~~~~~~~~~~~~~^^
  File "C:\Users\User\OneDrive\MeuGestor\TRAE\MiniGestor_TRAE\views\main_view.py", line 296, in _create_widgets
    self._create_form_frame()
    ~~~~~~~~~~~~~~~~~~~~~~~^^
  File "C:\Users\User\OneDrive\MeuGestor\TRAE\MiniGestor_TRAE\views\main_view.py", line 311, in _create_form_frame
    self._create_form_fields(frame_cadastro)
    ~~~~~~~~~~~~~~~~~~~~~~~~^^^^^^^^^^^^^^^^
  File "C:\Users\User\OneDrive\MeuGestor\TRAE\MiniGestor_TRAE\views\main_view.py", line 423, in _create_form_fields
    variable=self.variables['lembretes'],
             ~~~~~~~~~~~~~~^^^^^^^^^^^^^
KeyError: 'lembretes'
2025-11-05 16:06:36 - gestor_processos - INFO - log_operation:74 - Finalizando MiniGestor - SUCCESS
2025-11-05 16:07:13 - gestor_processos - INFO - log_operation:74 - Iniciando MiniGestor v2.0 - SUCCESS
2025-11-05 16:07:13 - gestor_processos - WARNING - check_dependencies:102 - AVISO: Módulos opcionais não encontrados: git (Integração com Git para backups)
2025-11-05 16:07:13 - gestor_processos - INFO - log_operation:74 - Verificação de dependências concluída - SUCCESS
2025-11-05 16:07:13 - gestor_processos - INFO - log_operation:74 - Iniciando interface gráfica - SUCCESS
2025-11-05 16:07:13 - gestor_processos - ERROR - log_error:64 - Erro crítico na aplicação: TclError: cannot use geometry manager pack inside .!labelframe which already has slaves managed by grid
Traceback (most recent call last):
  File "C:\Users\User\OneDrive\MeuGestor\TRAE\MiniGestor_TRAE\main.py", line 41, in main
    run_application()
    ~~~~~~~~~~~~~~~^^
  File "C:\Users\User\OneDrive\MeuGestor\TRAE\MiniGestor_TRAE\views\main_view.py", line 2007, in run_application
    view.run()
    ~~~~~~~~^^
  File "C:\Users\User\OneDrive\MeuGestor\TRAE\MiniGestor_TRAE\views\main_view.py", line 1737, in run
    self.create_main_window()
    ~~~~~~~~~~~~~~~~~~~~~~~^^
  File "C:\Users\User\OneDrive\MeuGestor\TRAE\MiniGestor_TRAE\views\main_view.py", line 233, in create_main_window
    self._create_widgets()
    ~~~~~~~~~~~~~~~~~~~~^^
  File "C:\Users\User\OneDrive\MeuGestor\TRAE\MiniGestor_TRAE\views\main_view.py", line 296, in _create_widgets
    self._create_form_frame()
    ~~~~~~~~~~~~~~~~~~~~~~~^^
  File "C:\Users\User\OneDrive\MeuGestor\TRAE\MiniGestor_TRAE\views\main_view.py", line 314, in _create_form_frame
    self._create_form_buttons(frame_cadastro)
    ~~~~~~~~~~~~~~~~~~~~~~~~~^^^^^^^^^^^^^^^^
  File "C:\Users\User\OneDrive\MeuGestor\TRAE\MiniGestor_TRAE\views\main_view.py", line 444, in _create_form_buttons
    frame_botoes_container.pack(anchor="center", pady=20)
    ~~~~~~~~~~~~~~~~~~~~~~~~~~~^^^^^^^^^^^^^^^^^^^^^^^^^^
  File "C:\Users\User\AppData\Local\Programs\Python\Python313\Lib\tkinter\__init__.py", line 2596, in pack_configure
    self.tk.call(
    ~~~~~~~~~~~~^
          ('pack', 'configure', self._w)
          ^^^^^^^^^^^^^^^^^^^^^^^^^^^^^^
          + self._options(cnf, kw))
          ^^^^^^^^^^^^^^^^^^^^^^^^^
_tkinter.TclError: cannot use geometry manager pack inside .!labelframe which already has slaves managed by grid
2025-11-05 16:07:13 - gestor_processos - INFO - log_operation:74 - Finalizando MiniGestor - SUCCESS
2025-11-05 16:08:24 - gestor_processos - INFO - log_operation:74 - Iniciando MiniGestor v2.0 - SUCCESS
2025-11-05 16:08:25 - gestor_processos - WARNING - check_dependencies:102 - AVISO: Módulos opcionais não encontrados: git (Integração com Git para backups)
2025-11-05 16:08:25 - gestor_processos - INFO - log_operation:74 - Verificação de dependências concluída - SUCCESS
2025-11-05 16:08:25 - gestor_processos - INFO - log_operation:74 - Iniciando interface gráfica - SUCCESS
2025-11-05 16:08:35 - gestor_processos - INFO - log_operation:74 - Finalizando MiniGestor - SUCCESS
2025-11-06 07:44:23 - gestor_processos - INFO - log_operation:74 - Iniciando MiniGestor v2.0 - SUCCESS
2025-11-06 07:44:23 - gestor_processos - WARNING - check_dependencies:102 - AVISO: Módulos opcionais não encontrados: git (Integração com Git para backups)
2025-11-06 07:44:23 - gestor_processos - INFO - log_operation:74 - Verificação de dependências concluída - SUCCESS
2025-11-06 07:44:23 - gestor_processos - INFO - log_operation:74 - Iniciando interface gráfica - SUCCESS
2025-11-06 07:44:24 - gestor_processos - ERROR - log_error:64 - Erro crítico na aplicação: TclError: cannot use geometry manager pack inside .!labelframe which already has slaves managed by grid
Traceback (most recent call last):
  File "C:\Users\User\OneDrive\MeuGestor\TRAE\MiniGestor_TRAE\main.py", line 41, in main
    run_application()
    ~~~~~~~~~~~~~~~^^
  File "C:\Users\User\OneDrive\MeuGestor\TRAE\MiniGestor_TRAE\views\main_view.py", line 1984, in run_application
    view.run()
    ~~~~~~~~^^
  File "C:\Users\User\OneDrive\MeuGestor\TRAE\MiniGestor_TRAE\views\main_view.py", line 1714, in run
    self.create_main_window()
    ~~~~~~~~~~~~~~~~~~~~~~~^^
  File "C:\Users\User\OneDrive\MeuGestor\TRAE\MiniGestor_TRAE\views\main_view.py", line 233, in create_main_window
    self._create_widgets()
    ~~~~~~~~~~~~~~~~~~~~^^
  File "C:\Users\User\OneDrive\MeuGestor\TRAE\MiniGestor_TRAE\views\main_view.py", line 296, in _create_widgets
    self._create_form_frame()
    ~~~~~~~~~~~~~~~~~~~~~~~^^
  File "C:\Users\User\OneDrive\MeuGestor\TRAE\MiniGestor_TRAE\views\main_view.py", line 314, in _create_form_frame
    self._create_form_buttons(frame_cadastro)
    ~~~~~~~~~~~~~~~~~~~~~~~~~^^^^^^^^^^^^^^^^
  File "C:\Users\User\OneDrive\MeuGestor\TRAE\MiniGestor_TRAE\views\main_view.py", line 424, in _create_form_buttons
    frame_botoes.pack(pady=10)
    ~~~~~~~~~~~~~~~~~^^^^^^^^^
  File "C:\Users\User\AppData\Local\Programs\Python\Python313\Lib\tkinter\__init__.py", line 2596, in pack_configure
    self.tk.call(
    ~~~~~~~~~~~~^
          ('pack', 'configure', self._w)
          ^^^^^^^^^^^^^^^^^^^^^^^^^^^^^^
          + self._options(cnf, kw))
          ^^^^^^^^^^^^^^^^^^^^^^^^^
_tkinter.TclError: cannot use geometry manager pack inside .!labelframe which already has slaves managed by grid
2025-11-06 07:44:24 - gestor_processos - INFO - log_operation:74 - Finalizando MiniGestor - SUCCESS
2025-11-06 07:45:39 - gestor_processos - INFO - log_operation:74 - Iniciando MiniGestor v2.0 - SUCCESS
2025-11-06 07:45:39 - gestor_processos - WARNING - check_dependencies:102 - AVISO: Módulos opcionais não encontrados: git (Integração com Git para backups)
2025-11-06 07:45:39 - gestor_processos - INFO - log_operation:74 - Verificação de dependências concluída - SUCCESS
2025-11-06 07:45:39 - gestor_processos - INFO - log_operation:74 - Iniciando interface gráfica - SUCCESS
2025-11-06 07:46:14 - gestor_processos - INFO - log_operation:74 - Finalizando MiniGestor - SUCCESS
2025-12-02 08:32:58 - gestor_processos - INFO - log_operation:74 - Iniciando MiniGestor v2.0 - SUCCESS
2025-12-02 08:32:58 - gestor_processos - WARNING - check_dependencies:102 - AVISO: Módulos opcionais não encontrados: git (Integração com Git para backups)
2025-12-02 08:32:58 - gestor_processos - INFO - log_operation:74 - Verificação de dependências concluída - SUCCESS
2025-12-02 08:32:58 - gestor_processos - INFO - log_operation:74 - Iniciando interface gráfica - SUCCESS
2025-12-02 08:33:00 - gestor_processos - INFO - log_operation:74 - Finalizando MiniGestor - SUCCESS
2025-12-02 08:33:11 - gestor_processos - INFO - log_operation:74 - Iniciando MiniGestor v2.0 - SUCCESS
2025-12-02 08:33:12 - gestor_processos - WARNING - check_dependencies:102 - AVISO: Módulos opcionais não encontrados: git (Integração com Git para backups)
2025-12-02 08:33:12 - gestor_processos - INFO - log_operation:74 - Verificação de dependências concluída - SUCCESS
2025-12-02 08:33:12 - gestor_processos - INFO - log_operation:74 - Iniciando interface gráfica - SUCCESS
2025-12-02 08:33:17 - gestor_processos - INFO - log_operation:74 - Finalizando MiniGestor - SUCCESS
2025-12-02 15:20:43 - gestor_processos - INFO - log_operation:74 - Iniciando MiniGestor v2.0 - SUCCESS
2025-12-02 15:20:43 - gestor_processos - INFO - log_operation:74 - Verificação de dependências concluída - SUCCESS
2025-12-02 15:20:43 - gestor_processos - INFO - log_operation:74 - Iniciando interface gráfica - SUCCESS
2025-12-02 15:20:45 - gestor_processos - INFO - log_operation:74 - Finalizando MiniGestor - SUCCESS
